# JRE version: Java(TM) SE Runtime Environment (8.0_144-b01) (build 1.8.0_144-b01)
# Java VM: Java HotSpot(TM) 64-Bit Server VM (25.144-b01 mixed mode linux-amd64 compressed oops)
Heap:
 par new generation   total 39296K, used 27534K [0x00000000c0000000, 0x00000000c2aa0000, 0x00000000d4cc0000)
  eden space 34944K,  75% used [0x00000000c0000000, 0x00000000c199cde8, 0x00000000c2220000)
  from space 4352K,  30% used [0x00000000c2660000, 0x00000000c27a6e10, 0x00000000c2aa0000)
  to   space 4352K,   0% used [0x00000000c2220000, 0x00000000c2220000, 0x00000000c2660000)
 concurrent mark-sweep generation total 238872K, used 186482K [0x00000000d4cc0000, 0x00000000e3606000, 0x0000000100000000)
 Metaspace       used 159795K, capacity 170507K, committed 170696K, reserved 1198080K
  class space    used 19581K, capacity 22727K, committed 22792K, reserved 1048576K
GC Heap History (10 events):
Event: 984.097 GC heap before
{Heap before GC invocations=104 (full 8):
 par new generation   total 39296K, used 37084K [0x00000000c0000000, 0x00000000c2aa0000, 0x00000000d4cc0000)
  eden space 34944K, 100% used [0x00000000c0000000, 0x00000000c2220000, 0x00000000c2220000)
  from space 4352K,  49% used [0x00000000c2220000, 0x00000000c2437090, 0x00000000c2660000)
  to   space 4352K,   0% used [0x00000000c2660000, 0x00000000c2660000, 0x00000000c2aa0000)
 concurrent mark-sweep generation total 238872K, used 185074K [0x00000000d4cc0000, 0x00000000e3606000, 0x0000000100000000)
 Metaspace       used 157317K, capacity 168033K, committed 168392K, reserved 1196032K
  class space    used 19335K, capacity 22472K, committed 22536K, reserved 1048576K
Event: 984.126 GC heap after
Heap after GC invocations=105 (full 8):
 par new generation   total 39296K, used 1896K [0x00000000c0000000, 0x00000000c2aa0000, 0x00000000d4cc0000)
  eden space 34944K,   0% used [0x00000000c0000000, 0x00000000c0000000, 0x00000000c2220000)
  from space 4352K,  43% used [0x00000000c2660000, 0x00000000c283a3d8, 0x00000000c2aa0000)
  to   space 4352K,   0% used [0x00000000c2220000, 0x00000000c2220000, 0x00000000c2660000)
 concurrent mark-sweep generation total 238872K, used 185074K [0x00000000d4cc0000, 0x00000000e3606000, 0x0000000100000000)
 Metaspace       used 157317K, capacity 168033K, committed 168392K, reserved 1196032K
  class space    used 19335K, capacity 22472K, committed 22536K, reserved 1048576K
}
Event: 1006.182 GC heap before
{Heap before GC invocations=105 (full 8):
 par new generation   total 39296K, used 36840K [0x00000000c0000000, 0x00000000c2aa0000, 0x00000000d4cc0000)
  eden space 34944K, 100% used [0x00000000c0000000, 0x00000000c2220000, 0x00000000c2220000)
  from space 4352K,  43% used [0x00000000c2660000, 0x00000000c283a3d8, 0x00000000c2aa0000)
  to   space 4352K,   0% used [0x00000000c2220000, 0x00000000c2220000, 0x00000000c2660000)
 concurrent mark-sweep generation total 238872K, used 185074K [0x00000000d4cc0000, 0x00000000e3606000, 0x0000000100000000)
 Metaspace       used 157463K, capacity 168109K, committed 168392K, reserved 1196032K
  class space    used 19352K, capacity 22474K, committed 22536K, reserved 1048576K
Event: 1006.205 GC heap after
Heap after GC invocations=106 (full 8):
 par new generation   total 39296K, used 4324K [0x00000000c0000000, 0x00000000c2aa0000, 0x00000000d4cc0000)
  eden space 34944K,   0% used [0x00000000c0000000, 0x00000000c0000000, 0x00000000c2220000)
  from space 4352K,  99% used [0x00000000c2220000, 0x00000000c26591f8, 0x00000000c2660000)
  to   space 4352K,   0% used [0x00000000c2660000, 0x00000000c2660000, 0x00000000c2aa0000)
 concurrent mark-sweep generation total 238872K, used 185074K [0x00000000d4cc0000, 0x00000000e3606000, 0x0000000100000000)
 Metaspace       used 157463K, capacity 168109K, committed 168392K, reserved 1196032K
  class space    used 19352K, capacity 22474K, committed 22536K, reserved 1048576K
}
Event: 1020.164 GC heap before
{Heap before GC invocations=106 (full 8):
 par new generation   total 39296K, used 39268K [0x00000000c0000000, 0x00000000c2aa0000, 0x00000000d4cc0000)
  eden space 34944K, 100% used [0x00000000c0000000, 0x00000000c2220000, 0x00000000c2220000)
  from space 4352K,  99% used [0x00000000c2220000, 0x00000000c26591f8, 0x00000000c2660000)
  to   space 4352K,   0% used [0x00000000c2660000, 0x00000000c2660000, 0x00000000c2aa0000)
 concurrent mark-sweep generation total 238872K, used 185074K [0x00000000d4cc0000, 0x00000000e3606000, 0x0000000100000000)
 Metaspace       used 157492K, capacity 168179K, committed 168392K, reserved 1196032K
  class space    used 19352K, capacity 22475K, committed 22536K, reserved 1048576K
Event: 1020.176 GC heap after
Heap after GC invocations=107 (full 8):
 par new generation   total 39296K, used 1765K [0x00000000c0000000, 0x00000000c2aa0000, 0x00000000d4cc0000)
  eden space 34944K,   0% used [0x00000000c0000000, 0x00000000c0000000, 0x00000000c2220000)
  from space 4352K,  40% used [0x00000000c2660000, 0x00000000c2819470, 0x00000000c2aa0000)
  to   space 4352K,   0% used [0x00000000c2220000, 0x00000000c2220000, 0x00000000c2660000)
 concurrent mark-sweep generation total 238872K, used 186482K [0x00000000d4cc0000, 0x00000000e3606000, 0x0000000100000000)
 Metaspace       used 157492K, capacity 168179K, committed 168392K, reserved 1196032K
  class space    used 19352K, capacity 22475K, committed 22536K, reserved 1048576K
}
Event: 1038.758 GC heap before
{Heap before GC invocations=107 (full 8):
 par new generation   total 39296K, used 36709K [0x00000000c0000000, 0x00000000c2aa0000, 0x00000000d4cc0000)
  eden space 34944K, 100% used [0x00000000c0000000, 0x00000000c2220000, 0x00000000c2220000)
  from space 4352K,  40% used [0x00000000c2660000, 0x00000000c2819470, 0x00000000c2aa0000)
  to   space 4352K,   0% used [0x00000000c2220000, 0x00000000c2220000, 0x00000000c2660000)
 concurrent mark-sweep generation total 238872K, used 186482K [0x00000000d4cc0000, 0x00000000e3606000, 0x0000000100000000)
 Metaspace       used 157541K, capacity 168197K, committed 168392K, reserved 1196032K
  class space    used 19354K, capacity 22478K, committed 22536K, reserved 1048576K
Event: 1038.761 GC heap after
Heap after GC invocations=108 (full 8):
 par new generation   total 39296K, used 1719K [0x00000000c0000000, 0x00000000c2aa0000, 0x00000000d4cc0000)
  eden space 34944K,   0% used [0x00000000c0000000, 0x00000000c0000000, 0x00000000c2220000)
  from space 4352K,  39% used [0x00000000c2220000, 0x00000000c23cdf50, 0x00000000c2660000)
  to   space 4352K,   0% used [0x00000000c2660000, 0x00000000c2660000, 0x00000000c2aa0000)
 concurrent mark-sweep generation total 238872K, used 186482K [0x00000000d4cc0000, 0x00000000e3606000, 0x0000000100000000)
 Metaspace       used 157541K, capacity 168197K, committed 168392K, reserved 1196032K
  class space    used 19354K, capacity 22478K, committed 22536K, reserved 1048576K
}
Event: 1045.936 GC heap before
{Heap before GC invocations=108 (full 8):
 par new generation   total 39296K, used 36663K [0x00000000c0000000, 0x00000000c2aa0000, 0x00000000d4cc0000)
  eden space 34944K, 100% used [0x00000000c0000000, 0x00000000c2220000, 0x00000000c2220000)
  from space 4352K,  39% used [0x00000000c2220000, 0x00000000c23cdf50, 0x00000000c2660000)
  to   space 4352K,   0% used [0x00000000c2660000, 0x00000000c2660000, 0x00000000c2aa0000)
 concurrent mark-sweep generation total 238872K, used 186482K [0x00000000d4cc0000, 0x00000000e3606000, 0x0000000100000000)
 Metaspace       used 157577K, capacity 168197K, committed 168392K, reserved 1196032K
  class space    used 19354K, capacity 22478K, committed 22536K, reserved 1048576K
Event: 1045.940 GC heap after
Heap after GC invocations=109 (full 8):
 par new generation   total 39296K, used 1307K [0x00000000c0000000, 0x00000000c2aa0000, 0x00000000d4cc0000)
  eden space 34944K,   0% used [0x00000000c0000000, 0x00000000c0000000, 0x00000000c2220000)
  from space 4352K,  30% used [0x00000000c2660000, 0x00000000c27a6e10, 0x00000000c2aa0000)
  to   space 4352K,   0% used [0x00000000c2220000, 0x00000000c2220000, 0x00000000c2660000)
 concurrent mark-sweep generation total 238872K, used 186482K [0x00000000d4cc0000, 0x00000000e3606000, 0x0000000100000000)
 Metaspace       used 157577K, capacity 168197K, committed 168392K, reserved 1196032K
  class space    used 19354K, capacity 22478K, committed 22536K, reserved 1048576K
}

